<?xml version="1.0" encoding="UTF-8"?>
<testng-results ignored="0" total="2" passed="2" failed="0" skipped="0">
  <reporter-output>
  </reporter-output>
  <suite started-at="2023-01-05T23:10:48 IST" name="Default suite" finished-at="2023-01-05T23:10:49 IST" duration-ms="46">
    <groups>
    </groups>
    <test started-at="2023-01-05T23:10:48 IST" name="Default test" finished-at="2023-01-05T23:10:49 IST" duration-ms="46">
      <class name="SeleniumTest">
        <test-method signature="BrowserAutomation()[pri:0, instance:SeleniumTest@28f2a10f]" started-at="2023-01-05T23:10:49 IST" name="BrowserAutomation" finished-at="2023-01-05T23:10:49 IST" duration-ms="8" status="PASS">
          <reporter-output>
          </reporter-output>
        </test-method> <!-- BrowserAutomation -->
        <test-method signature="emelemtUi()[pri:0, instance:SeleniumTest@28f2a10f]" started-at="2023-01-05T23:10:49 IST" name="emelemtUi" finished-at="2023-01-05T23:10:49 IST" duration-ms="1" status="PASS">
          <reporter-output>
          </reporter-output>
        </test-method> <!-- emelemtUi -->
      </class> <!-- SeleniumTest -->
    </test> <!-- Default test -->
  </suite> <!-- Default suite -->
</testng-results>
