<?xml version="1.0" encoding="UTF-8"?>
<testng-results ignored="0" total="2" passed="2" failed="0" skipped="0">
  <reporter-output>
  </reporter-output>
  <suite started-at="2023-01-06T00:32:21 IST" name="Default suite" finished-at="2023-01-06T00:32:21 IST" duration-ms="40">
    <groups>
    </groups>
    <test started-at="2023-01-06T00:32:21 IST" name="Default test" finished-at="2023-01-06T00:32:21 IST" duration-ms="40">
      <class name="RESTAPITest">
        <test-method signature="deleteTwitter()[pri:0, instance:RESTAPITest@28f2a10f]" started-at="2023-01-06T00:32:21 IST" name="deleteTwitter" finished-at="2023-01-06T00:32:21 IST" duration-ms="6" status="PASS">
          <reporter-output>
          </reporter-output>
        </test-method> <!-- deleteTwitter -->
        <test-method signature="postJira()[pri:0, instance:RESTAPITest@28f2a10f]" started-at="2023-01-06T00:32:21 IST" name="postJira" finished-at="2023-01-06T00:32:21 IST" duration-ms="1" status="PASS">
          <reporter-output>
          </reporter-output>
        </test-method> <!-- postJira -->
      </class> <!-- RESTAPITest -->
    </test> <!-- Default test -->
  </suite> <!-- Default suite -->
</testng-results>
